
============= MEMWATCH 2.71 Copyright (C) 1992-1999 Johan Lindh =============

Started at Wed Jul 27 09:31:33 2016

Modes: __STDC__ 64-bit mwDWORD==(unsigned int)
mwROUNDALLOC==8 sizeof(mwData)==56 mwDataSize==56


Stopped at Wed Jul 27 09:31:37 2016

unfreed: <3> 4.c(40), 32 bytes at 0x9323f0  	{62 62 62 00 00 00 00 00 00 00 00 00 00 00 00 00 bbb.............}
unfreed: <2> 4.c(40), 32 bytes at 0x932380  	{61 61 61 00 00 00 00 00 00 00 00 00 00 00 00 00 aaa.............}
unfreed: <1> 4.c(23), 32 bytes at 0x932310  	{00 00 00 00 00 00 00 00 00 00 00 00 00 00 00 00 ................}

Memory usage statistics (global):
 N)umber of allocations made: 3
 L)argest memory usage      : 96
 T)otal of all alloc() calls: 96
 U)nfreed bytes totals      : 96

============= MEMWATCH 2.71 Copyright (C) 1992-1999 Johan Lindh =============

Started at Wed Jul 27 09:35:23 2016

Modes: __STDC__ 64-bit mwDWORD==(unsigned int)
mwROUNDALLOC==8 sizeof(mwData)==56 mwDataSize==56


Stopped at Wed Jul 27 09:35:35 2016

unfreed: <3> 4.c(40), 32 bytes at 0x1a5a3f0  	{62 62 62 62 00 00 00 00 00 00 00 00 00 00 00 00 bbbb............}
unfreed: <2> 4.c(40), 32 bytes at 0x1a5a380  	{61 61 61 61 00 00 00 00 00 00 00 00 00 00 00 00 aaaa............}
unfreed: <1> 4.c(23), 32 bytes at 0x1a5a310  	{00 00 00 00 00 00 00 00 00 00 00 00 00 00 00 00 ................}

Memory usage statistics (global):
 N)umber of allocations made: 3
 L)argest memory usage      : 96
 T)otal of all alloc() calls: 96
 U)nfreed bytes totals      : 96
